<?xml version="1.0" encoding="UTF-8"?>
<testsuite name="com.soy.springcommunity.SpringcommunityApplicationTests" tests="1" skipped="0" failures="0" errors="0" timestamp="2025-11-27T05:29:00.451Z" hostname="soyui-MacBookPro.local" time="0.766">
  <properties/>
  <testcase name="contextLoads()" classname="com.soy.springcommunity.SpringcommunityApplicationTests" time="0.766"/>
  <system-out><![CDATA[14:28:50.840 [Test worker] INFO org.springframework.test.context.support.AnnotationConfigContextLoaderUtils -- Could not detect default configuration classes for test class [com.soy.springcommunity.SpringcommunityApplicationTests]: SpringcommunityApplicationTests does not declare any static, non-private, non-final, nested classes annotated with @Configuration.
14:28:51.028 [Test worker] INFO org.springframework.boot.test.context.SpringBootTestContextBootstrapper -- Found @SpringBootConfiguration com.soy.springcommunity.SpringcommunityApplication for test class com.soy.springcommunity.SpringcommunityApplicationTests

  .   ____          _            __ _ _
 /\\ / ___'_ __ _ _(_)_ __  __ _ \ \ \ \
( ( )\___ | '_ | '_| | '_ \/ _` | \ \ \ \
 \\/  ___)| |_)| | | | | || (_| |  ) ) ) )
  '  |____| .__|_| |_|_| |_\__, | / / / /
 =========|_|==============|___/=/_/_/_/

 :: Spring Boot ::                (v3.5.7)

2025-11-27T14:28:51.758+09:00  INFO 57075 --- [    Test worker] c.s.s.SpringcommunityApplicationTests    : Starting SpringcommunityApplicationTests using Java 21 with PID 57075 (started by soy in /Users/soy/Desktop/ktb3-soy-community-be)
2025-11-27T14:28:51.761+09:00  INFO 57075 --- [    Test worker] c.s.s.SpringcommunityApplicationTests    : No active profile set, falling back to 1 default profile: "default"
2025-11-27T14:28:53.615+09:00  INFO 57075 --- [    Test worker] .s.d.r.c.RepositoryConfigurationDelegate : Bootstrapping Spring Data JPA repositories in DEFAULT mode.
2025-11-27T14:28:53.779+09:00  INFO 57075 --- [    Test worker] .s.d.r.c.RepositoryConfigurationDelegate : Finished Spring Data repository scanning in 144 ms. Found 11 JPA repository interfaces.
2025-11-27T14:28:55.045+09:00  INFO 57075 --- [    Test worker] o.hibernate.jpa.internal.util.LogHelper  : HHH000204: Processing PersistenceUnitInfo [name: default]
2025-11-27T14:28:55.096+09:00  INFO 57075 --- [    Test worker] org.hibernate.Version                    : HHH000412: Hibernate ORM core version 6.6.33.Final
2025-11-27T14:28:55.126+09:00  INFO 57075 --- [    Test worker] o.h.c.internal.RegionFactoryInitiator    : HHH000026: Second-level cache disabled
2025-11-27T14:28:55.452+09:00  INFO 57075 --- [    Test worker] o.s.o.j.p.SpringPersistenceUnitInfo      : No LoadTimeWeaver setup: ignoring JPA class transformer
2025-11-27T14:28:55.491+09:00  INFO 57075 --- [    Test worker] com.zaxxer.hikari.HikariDataSource       : HikariPool-1 - Starting...
2025-11-27T14:28:55.689+09:00  INFO 57075 --- [    Test worker] com.zaxxer.hikari.pool.HikariPool        : HikariPool-1 - Added connection com.mysql.cj.jdbc.ConnectionImpl@211da640
2025-11-27T14:28:55.691+09:00  INFO 57075 --- [    Test worker] com.zaxxer.hikari.HikariDataSource       : HikariPool-1 - Start completed.
2025-11-27T14:28:55.789+09:00  INFO 57075 --- [    Test worker] org.hibernate.orm.connections.pooling    : HHH10001005: Database info:
	Database JDBC URL [Connecting through datasource 'HikariDataSource (HikariPool-1)']
	Database driver: undefined/unknown
	Database version: 9.5
	Autocommit mode: undefined/unknown
	Isolation level: undefined/unknown
	Minimum pool size: undefined/unknown
	Maximum pool size: undefined/unknown
2025-11-27T14:28:57.597+09:00  INFO 57075 --- [    Test worker] o.h.e.t.j.p.i.JtaPlatformInitiator       : HHH000489: No JTA platform available (set 'hibernate.transaction.jta.platform' to enable JTA platform integration)
2025-11-27T14:28:57.698+09:00  INFO 57075 --- [    Test worker] j.LocalContainerEntityManagerFactoryBean : Initialized JPA EntityManagerFactory for persistence unit 'default'
2025-11-27T14:28:59.521+09:00  WARN 57075 --- [    Test worker] JpaBaseConfiguration$JpaWebConfiguration : spring.jpa.open-in-view is enabled by default. Therefore, database queries may be performed during view rendering. Explicitly configure spring.jpa.open-in-view to disable this warning
file:/Users/soy/Desktop/ktb3-soy-community-be/uploads/
2025-11-27T14:29:00.428+09:00  INFO 57075 --- [    Test worker] c.s.s.SpringcommunityApplicationTests    : Started SpringcommunityApplicationTests in 9.217 seconds (process running for 11.038)
]]></system-out>
  <system-err><![CDATA[Mockito is currently self-attaching to enable the inline-mock-maker. This will no longer work in future releases of the JDK. Please add Mockito as an agent to your build as described in Mockito's documentation: https://javadoc.io/doc/org.mockito/mockito-core/latest/org.mockito/org/mockito/Mockito.html#0.3
WARNING: A Java agent has been loaded dynamically (/Users/soy/.gradle/caches/modules-2/files-2.1/net.bytebuddy/byte-buddy-agent/1.17.8/f09415827a71be7ed621c7bd02550678f28bc81c/byte-buddy-agent-1.17.8.jar)
WARNING: If a serviceability tool is in use, please run with -XX:+EnableDynamicAgentLoading to hide this warning
WARNING: If a serviceability tool is not in use, please run with -Djdk.instrument.traceUsage for more information
WARNING: Dynamic loading of agents will be disallowed by default in a future release
]]></system-err>
</testsuite>
